<?xml version="1.0" encoding="UTF-8"?>
<testng-results skipped="0" failed="0" ignored="0" total="5" passed="5">
  <reporter-output>
  </reporter-output>
  <suite name="Default suite" duration-ms="16192" started-at="2018-10-10T05:42:57Z" finished-at="2018-10-10T05:43:13Z">
    <groups>
    </groups>
    <test name="Default test" duration-ms="16192" started-at="2018-10-10T05:42:57Z" finished-at="2018-10-10T05:43:13Z">
      <class name="SampleClass">
        <test-method status="PASS" signature="beforeSuite()[pri:0, instance:SampleClass@18bf3d14]" name="beforeSuite" is-config="true" duration-ms="8" started-at="2018-10-10T11:12:57Z" finished-at="2018-10-10T11:12:57Z">
          <reporter-output>
          </reporter-output>
        </test-method> <!-- beforeSuite -->
        <test-method status="PASS" signature="beforeTest()[pri:0, instance:SampleClass@18bf3d14]" name="beforeTest" is-config="true" duration-ms="1622" started-at="2018-10-10T11:12:57Z" finished-at="2018-10-10T11:12:58Z">
          <reporter-output>
          </reporter-output>
        </test-method> <!-- beforeTest -->
        <test-method status="PASS" signature="f()[pri:1, instance:SampleClass@18bf3d14]" name="f" duration-ms="10515" started-at="2018-10-10T11:12:58Z" finished-at="2018-10-10T11:13:09Z">
          <reporter-output>
          </reporter-output>
        </test-method> <!-- f -->
        <test-method status="PASS" signature="LoginCheck()[pri:2, instance:SampleClass@18bf3d14]" name="LoginCheck" duration-ms="1498" started-at="2018-10-10T11:13:09Z" finished-at="2018-10-10T11:13:10Z">
          <reporter-output>
          </reporter-output>
        </test-method> <!-- LoginCheck -->
        <test-method status="PASS" signature="LoginIncorrectUserName()[pri:3, instance:SampleClass@18bf3d14]" name="LoginIncorrectUserName" duration-ms="837" started-at="2018-10-10T11:13:10Z" finished-at="2018-10-10T11:13:11Z">
          <reporter-output>
          </reporter-output>
        </test-method> <!-- LoginIncorrectUserName -->
        <test-method status="PASS" signature="LoginIncorrectPassword()[pri:4, instance:SampleClass@18bf3d14]" name="LoginIncorrectPassword" duration-ms="846" started-at="2018-10-10T11:13:11Z" finished-at="2018-10-10T11:13:12Z">
          <reporter-output>
          </reporter-output>
        </test-method> <!-- LoginIncorrectPassword -->
        <test-method status="PASS" signature="LoginEmptyFieldUsername()[pri:5, instance:SampleClass@18bf3d14]" name="LoginEmptyFieldUsername" duration-ms="789" started-at="2018-10-10T11:13:12Z" finished-at="2018-10-10T11:13:13Z">
          <reporter-output>
          </reporter-output>
        </test-method> <!-- LoginEmptyFieldUsername -->
        <test-method status="PASS" signature="afterTest()[pri:0, instance:SampleClass@18bf3d14]" name="afterTest" is-config="true" duration-ms="62" started-at="2018-10-10T11:13:13Z" finished-at="2018-10-10T11:13:13Z">
          <reporter-output>
          </reporter-output>
        </test-method> <!-- afterTest -->
        <test-method status="PASS" signature="afterSuite()[pri:0, instance:SampleClass@18bf3d14]" name="afterSuite" is-config="true" duration-ms="0" started-at="2018-10-10T11:13:13Z" finished-at="2018-10-10T11:13:13Z">
          <reporter-output>
          </reporter-output>
        </test-method> <!-- afterSuite -->
      </class> <!-- SampleClass -->
    </test> <!-- Default test -->
  </suite> <!-- Default suite -->
</testng-results>
